Der Buildvorgang wurde am 06.12.2022 11:04:43 gestartet.
     1>Projekt "E:\schule\jahr2\spt\verkettete listen\Projekt3\Projekt3.vcxproj" auf Knoten "2", Build Ziel(e).
     1>ClCompile:
         C:\Program Files (x86)\Microsoft Visual Studio 12.0\VC\bin\CL.exe /c /ZI /nologo /W3 /WX- /sdl /Od /Oy- /D _MBCS /Gm /EHsc /RTC1 /MDd /GS /fp:precise /Zc:wchar_t /Zc:forScope /Fo"Debug\\" /Fd"Debug\vc120.pdb" /Gd /TP /analyze- /errorReport:prompt Quelle.cpp
         Quelle.cpp
     1>e:\schule\jahr2\spt\verkettete listen\projekt3\quelle.cpp(87): error C2782: "_InIt std::find(_InIt,_InIt,const _Ty &)": template-Parameter "_InIt" ist mehrdeutig.
                 c:\program files (x86)\microsoft visual studio 12.0\vc\include\xutility(3050): Siehe Deklaration von 'std::find'
                 kann 'char *' sein
                 oder "int"
     1>e:\schule\jahr2\spt\verkettete listen\projekt3\quelle.cpp(90): error C3861: "print": Bezeichner wurde nicht gefunden.
     1>Die Erstellung des Projekts "E:\schule\jahr2\spt\verkettete listen\Projekt3\Projekt3.vcxproj" ist abgeschlossen, Build Ziel(e) -- FEHLER.

Fehler beim Buildvorgang.

Verstrichene Zeit 00:00:00.32
